# JRE version: OpenJDK Runtime Environment Temurin-21.0.10+7 (21.0.10+7) (build 21.0.10+7-LTS)
# Java VM: OpenJDK 64-Bit Server VM Temurin-21.0.10+7 (21.0.10+7-LTS, mixed mode, sharing, tiered, compressed oops, compressed class ptrs, g1 gc, windows-amd64)
GC Precious Log:
 CardTable entry size: 512
 Card Set container configuration: InlinePtr #cards 5 size 8 Array Of Cards #cards 12 size 40 Howl #buckets 4 coarsen threshold 1843 Howl Bitmap #cards 512 size 80 coarsen threshold 460 Card regions per heap region 1 cards per card region 2048
 CPUs: 12 total, 12 available
 Memory: 7913M
 Large Page Support: Disabled
 NUMA Support: Disabled
 Compressed Oops: Enabled (32-bit)
 Heap Region Size: 1M
 Heap Min Capacity: 8M
 Heap Initial Capacity: 124M
 Heap Max Capacity: 2G
 Pre-touch: Disabled
 Parallel Workers: 10
 Concurrent Workers: 3
 Concurrent Refinement Workers: 10
 Periodic GC: Disabled
Heap:
 garbage-first heap   total 150528K, used 107149K [0x0000000080000000, 0x0000000100000000)
  region size 1024K, 6 young (6144K), 2 survivors (2048K)
 Metaspace       used 79941K, committed 82112K, reserved 557056K
  class space    used 11479K, committed 12544K, reserved 425984K
GC Heap History (20 events):
Event: 15.148 GC heap after
{Heap after GC invocations=21 (full 0):
 garbage-first heap   total 117760K, used 72743K [0x0000000080000000, 0x0000000100000000)
  region size 1024K, 4 young (4096K), 4 survivors (4096K)
 Metaspace       used 69799K, committed 71808K, reserved 491520K
  class space    used 10162K, committed 11136K, reserved 425984K
}
Event: 15.712 GC heap before
{Heap before GC invocations=21 (full 0):
 garbage-first heap   total 117760K, used 107559K [0x0000000080000000, 0x0000000100000000)
  region size 1024K, 38 young (38912K), 4 survivors (4096K)
 Metaspace       used 72886K, committed 74944K, reserved 491520K
  class space    used 10697K, committed 11712K, reserved 425984K
}
Event: 15.718 GC heap after
{Heap after GC invocations=22 (full 0):
 garbage-first heap   total 117760K, used 74485K [0x0000000080000000, 0x0000000100000000)
  region size 1024K, 4 young (4096K), 4 survivors (4096K)
 Metaspace       used 72886K, committed 74944K, reserved 491520K
  class space    used 10697K, committed 11712K, reserved 425984K
}
Event: 18.359 GC heap before
{Heap before GC invocations=22 (full 0):
 garbage-first heap   total 117760K, used 106229K [0x0000000080000000, 0x0000000100000000)
  region size 1024K, 36 young (36864K), 4 survivors (4096K)
 Metaspace       used 74023K, committed 76096K, reserved 491520K
  class space    used 10838K, committed 11840K, reserved 425984K
}
Event: 18.364 GC heap after
{Heap after GC invocations=23 (full 0):
 garbage-first heap   total 117760K, used 80439K [0x0000000080000000, 0x0000000100000000)
  region size 1024K, 5 young (5120K), 5 survivors (5120K)
 Metaspace       used 74023K, committed 76096K, reserved 491520K
  class space    used 10838K, committed 11840K, reserved 425984K
}
Event: 18.935 GC heap before
{Heap before GC invocations=24 (full 0):
 garbage-first heap   total 135168K, used 107063K [0x0000000080000000, 0x0000000100000000)
  region size 1024K, 31 young (31744K), 5 survivors (5120K)
 Metaspace       used 74226K, committed 76288K, reserved 491520K
  class space    used 10848K, committed 11840K, reserved 425984K
}
Event: 18.939 GC heap after
{Heap after GC invocations=25 (full 0):
 garbage-first heap   total 135168K, used 83220K [0x0000000080000000, 0x0000000100000000)
  region size 1024K, 4 young (4096K), 4 survivors (4096K)
 Metaspace       used 74226K, committed 76288K, reserved 491520K
  class space    used 10848K, committed 11840K, reserved 425984K
}
Event: 19.900 GC heap before
{Heap before GC invocations=25 (full 0):
 garbage-first heap   total 135168K, used 120084K [0x0000000080000000, 0x0000000100000000)
  region size 1024K, 40 young (40960K), 4 survivors (4096K)
 Metaspace       used 74342K, committed 76416K, reserved 491520K
  class space    used 10850K, committed 11840K, reserved 425984K
}
Event: 19.903 GC heap after
{Heap after GC invocations=26 (full 0):
 garbage-first heap   total 135168K, used 81875K [0x0000000080000000, 0x0000000100000000)
  region size 1024K, 4 young (4096K), 4 survivors (4096K)
 Metaspace       used 74342K, committed 76416K, reserved 491520K
  class space    used 10850K, committed 11840K, reserved 425984K
}
Event: 21.186 GC heap before
{Heap before GC invocations=26 (full 0):
 garbage-first heap   total 135168K, used 120787K [0x0000000080000000, 0x0000000100000000)
  region size 1024K, 42 young (43008K), 4 survivors (4096K)
 Metaspace       used 74353K, committed 76416K, reserved 491520K
  class space    used 10850K, committed 11840K, reserved 425984K
}
Event: 21.190 GC heap after
{Heap after GC invocations=27 (full 0):
 garbage-first heap   total 135168K, used 82714K [0x0000000080000000, 0x0000000100000000)
  region size 1024K, 4 young (4096K), 4 survivors (4096K)
 Metaspace       used 74353K, committed 76416K, reserved 491520K
  class space    used 10850K, committed 11840K, reserved 425984K
}
Event: 22.982 GC heap before
{Heap before GC invocations=28 (full 0):
 garbage-first heap   total 140288K, used 120602K [0x0000000080000000, 0x0000000100000000)
  region size 1024K, 42 young (43008K), 4 survivors (4096K)
 Metaspace       used 74357K, committed 76416K, reserved 491520K
  class space    used 10850K, committed 11840K, reserved 425984K
}
Event: 22.986 GC heap after
{Heap after GC invocations=29 (full 0):
 garbage-first heap   total 140288K, used 83797K [0x0000000080000000, 0x0000000100000000)
  region size 1024K, 4 young (4096K), 4 survivors (4096K)
 Metaspace       used 74357K, committed 76416K, reserved 491520K
  class space    used 10850K, committed 11840K, reserved 425984K
}
Event: 25.192 GC heap before
{Heap before GC invocations=29 (full 0):
 garbage-first heap   total 140288K, used 125781K [0x0000000080000000, 0x0000000100000000)
  region size 1024K, 46 young (47104K), 4 survivors (4096K)
 Metaspace       used 74374K, committed 76416K, reserved 491520K
  class space    used 10851K, committed 11840K, reserved 425984K
}
Event: 25.196 GC heap after
{Heap after GC invocations=30 (full 0):
 garbage-first heap   total 140288K, used 83311K [0x0000000080000000, 0x0000000100000000)
  region size 1024K, 4 young (4096K), 4 survivors (4096K)
 Metaspace       used 74374K, committed 76416K, reserved 491520K
  class space    used 10851K, committed 11840K, reserved 425984K
}
Event: 25.759 GC heap before
{Heap before GC invocations=30 (full 0):
 garbage-first heap   total 140288K, used 102767K [0x0000000080000000, 0x0000000100000000)
  region size 1024K, 24 young (24576K), 4 survivors (4096K)
 Metaspace       used 75200K, committed 77248K, reserved 557056K
  class space    used 10949K, committed 11968K, reserved 425984K
}
Event: 25.762 GC heap after
{Heap after GC invocations=31 (full 0):
 garbage-first heap   total 140288K, used 85020K [0x0000000080000000, 0x0000000100000000)
  region size 1024K, 5 young (5120K), 5 survivors (5120K)
 Metaspace       used 75200K, committed 77248K, reserved 557056K
  class space    used 10949K, committed 11968K, reserved 425984K
}
Event: 60.813 GC heap before
{Heap before GC invocations=32 (full 0):
 garbage-first heap   total 145408K, used 136220K [0x0000000080000000, 0x0000000100000000)
  region size 1024K, 45 young (46080K), 5 survivors (5120K)
 Metaspace       used 76649K, committed 78720K, reserved 557056K
  class space    used 11102K, committed 12096K, reserved 425984K
}
Event: 60.873 GC heap after
{Heap after GC invocations=33 (full 0):
 garbage-first heap   total 150528K, used 103424K [0x0000000080000000, 0x0000000100000000)
  region size 1024K, 6 young (6144K), 6 survivors (6144K)
 Metaspace       used 76649K, committed 78720K, reserved 557056K
  class space    used 11102K, committed 12096K, reserved 425984K
}
Event: 67.600 GC heap before
{Heap before GC invocations=33 (full 0):
 garbage-first heap   total 150528K, used 134144K [0x0000000080000000, 0x0000000100000000)
  region size 1024K, 37 young (37888K), 6 survivors (6144K)
 Metaspace       used 79725K, committed 81920K, reserved 557056K
  class space    used 11447K, committed 12544K, reserved 425984K
}

