# JRE version: OpenJDK Runtime Environment Temurin-21.0.10+7 (21.0.10+7) (build 21.0.10+7-LTS)
# Java VM: OpenJDK 64-Bit Server VM Temurin-21.0.10+7 (21.0.10+7-LTS, mixed mode, sharing, tiered, compressed oops, compressed class ptrs, g1 gc, windows-amd64)
GC Precious Log:
 CardTable entry size: 512
 Card Set container configuration: InlinePtr #cards 5 size 8 Array Of Cards #cards 12 size 40 Howl #buckets 4 coarsen threshold 1843 Howl Bitmap #cards 512 size 80 coarsen threshold 460 Card regions per heap region 1 cards per card region 2048
 CPUs: 12 total, 12 available
 Memory: 7913M
 Large Page Support: Disabled
 NUMA Support: Disabled
 Compressed Oops: Enabled (32-bit)
 Heap Region Size: 1M
 Heap Min Capacity: 8M
 Heap Initial Capacity: 124M
 Heap Max Capacity: 2G
 Pre-touch: Disabled
 Parallel Workers: 10
 Concurrent Workers: 3
 Concurrent Refinement Workers: 10
 Periodic GC: Disabled
Heap:
 garbage-first heap   total 149504K, used 139336K [0x0000000080000000, 0x0000000100000000)
  region size 1024K, 46 young (47104K), 6 survivors (6144K)
 Metaspace       used 76618K, committed 78656K, reserved 557056K
  class space    used 11107K, committed 12096K, reserved 425984K
GC Heap History (20 events):
Event: 12.026 GC heap after
{Heap after GC invocations=20 (full 0):
 garbage-first heap   total 115712K, used 70099K [0x0000000080000000, 0x0000000100000000)
  region size 1024K, 6 young (6144K), 6 survivors (6144K)
 Metaspace       used 67498K, committed 69504K, reserved 491520K
  class space    used 9832K, committed 10816K, reserved 425984K
}
Event: 12.662 GC heap before
{Heap before GC invocations=21 (full 0):
 garbage-first heap   total 117760K, used 104915K [0x0000000080000000, 0x0000000100000000)
  region size 1024K, 41 young (41984K), 6 survivors (6144K)
 Metaspace       used 69619K, committed 71616K, reserved 491520K
  class space    used 10133K, committed 11136K, reserved 425984K
}
Event: 12.667 GC heap after
{Heap after GC invocations=22 (full 0):
 garbage-first heap   total 117760K, used 72918K [0x0000000080000000, 0x0000000100000000)
  region size 1024K, 4 young (4096K), 4 survivors (4096K)
 Metaspace       used 69619K, committed 71616K, reserved 491520K
  class space    used 10133K, committed 11136K, reserved 425984K
}
Event: 13.309 GC heap before
{Heap before GC invocations=22 (full 0):
 garbage-first heap   total 117760K, used 105686K [0x0000000080000000, 0x0000000100000000)
  region size 1024K, 37 young (37888K), 4 survivors (4096K)
 Metaspace       used 72730K, committed 74816K, reserved 491520K
  class space    used 10667K, committed 11648K, reserved 425984K
}
Event: 13.313 GC heap after
{Heap after GC invocations=23 (full 0):
 garbage-first heap   total 117760K, used 74239K [0x0000000080000000, 0x0000000100000000)
  region size 1024K, 3 young (3072K), 3 survivors (3072K)
 Metaspace       used 72730K, committed 74816K, reserved 491520K
  class space    used 10667K, committed 11648K, reserved 425984K
}
Event: 15.670 GC heap before
{Heap before GC invocations=23 (full 0):
 garbage-first heap   total 117760K, used 107007K [0x0000000080000000, 0x0000000100000000)
  region size 1024K, 36 young (36864K), 3 survivors (3072K)
 Metaspace       used 73909K, committed 76032K, reserved 491520K
  class space    used 10832K, committed 11840K, reserved 425984K
}
Event: 15.676 GC heap after
{Heap after GC invocations=24 (full 0):
 garbage-first heap   total 118784K, used 81106K [0x0000000080000000, 0x0000000100000000)
  region size 1024K, 5 young (5120K), 5 survivors (5120K)
 Metaspace       used 73909K, committed 76032K, reserved 491520K
  class space    used 10832K, committed 11840K, reserved 425984K
}
Event: 16.402 GC heap before
{Heap before GC invocations=25 (full 0):
 garbage-first heap   total 137216K, used 107730K [0x0000000080000000, 0x0000000100000000)
  region size 1024K, 31 young (31744K), 5 survivors (5120K)
 Metaspace       used 74189K, committed 76224K, reserved 491520K
  class space    used 10850K, committed 11840K, reserved 425984K
}
Event: 16.408 GC heap after
{Heap after GC invocations=26 (full 0):
 garbage-first heap   total 137216K, used 83817K [0x0000000080000000, 0x0000000100000000)
  region size 1024K, 4 young (4096K), 4 survivors (4096K)
 Metaspace       used 74189K, committed 76224K, reserved 491520K
  class space    used 10850K, committed 11840K, reserved 425984K
}
Event: 17.285 GC heap before
{Heap before GC invocations=26 (full 0):
 garbage-first heap   total 137216K, used 119657K [0x0000000080000000, 0x0000000100000000)
  region size 1024K, 40 young (40960K), 4 survivors (4096K)
 Metaspace       used 74317K, committed 76352K, reserved 491520K
  class space    used 10852K, committed 11840K, reserved 425984K
}
Event: 17.289 GC heap after
{Heap after GC invocations=27 (full 0):
 garbage-first heap   total 137216K, used 83477K [0x0000000080000000, 0x0000000100000000)
  region size 1024K, 4 young (4096K), 4 survivors (4096K)
 Metaspace       used 74317K, committed 76352K, reserved 491520K
  class space    used 10852K, committed 11840K, reserved 425984K
}
Event: 18.525 GC heap before
{Heap before GC invocations=27 (full 0):
 garbage-first heap   total 137216K, used 121365K [0x0000000080000000, 0x0000000100000000)
  region size 1024K, 41 young (41984K), 4 survivors (4096K)
 Metaspace       used 74330K, committed 76416K, reserved 491520K
  class space    used 10852K, committed 11840K, reserved 425984K
}
Event: 18.528 GC heap after
{Heap after GC invocations=28 (full 0):
 garbage-first heap   total 137216K, used 84356K [0x0000000080000000, 0x0000000100000000)
  region size 1024K, 4 young (4096K), 4 survivors (4096K)
 Metaspace       used 74330K, committed 76416K, reserved 491520K
  class space    used 10852K, committed 11840K, reserved 425984K
}
Event: 19.632 GC heap before
{Heap before GC invocations=29 (full 0):
 garbage-first heap   total 142336K, used 121220K [0x0000000080000000, 0x0000000100000000)
  region size 1024K, 41 young (41984K), 4 survivors (4096K)
 Metaspace       used 74338K, committed 76416K, reserved 491520K
  class space    used 10853K, committed 11840K, reserved 425984K
}
Event: 19.635 GC heap after
{Heap after GC invocations=30 (full 0):
 garbage-first heap   total 142336K, used 85645K [0x0000000080000000, 0x0000000100000000)
  region size 1024K, 4 young (4096K), 4 survivors (4096K)
 Metaspace       used 74338K, committed 76416K, reserved 491520K
  class space    used 10853K, committed 11840K, reserved 425984K
}
Event: 20.914 GC heap before
{Heap before GC invocations=30 (full 0):
 garbage-first heap   total 142336K, used 126605K [0x0000000080000000, 0x0000000100000000)
  region size 1024K, 45 young (46080K), 4 survivors (4096K)
 Metaspace       used 74342K, committed 76416K, reserved 491520K
  class space    used 10853K, committed 11840K, reserved 425984K
}
Event: 20.919 GC heap after
{Heap after GC invocations=31 (full 0):
 garbage-first heap   total 142336K, used 85202K [0x0000000080000000, 0x0000000100000000)
  region size 1024K, 4 young (4096K), 4 survivors (4096K)
 Metaspace       used 74342K, committed 76416K, reserved 491520K
  class space    used 10853K, committed 11840K, reserved 425984K
}
Event: 21.724 GC heap before
{Heap before GC invocations=31 (full 0):
 garbage-first heap   total 142336K, used 111826K [0x0000000080000000, 0x0000000100000000)
  region size 1024K, 31 young (31744K), 4 survivors (4096K)
 Metaspace       used 75161K, committed 77248K, reserved 557056K
  class space    used 10951K, committed 11968K, reserved 425984K
}
Event: 21.728 GC heap after
{Heap after GC invocations=32 (full 0):
 garbage-first heap   total 142336K, used 87112K [0x0000000080000000, 0x0000000100000000)
  region size 1024K, 5 young (5120K), 5 survivors (5120K)
 Metaspace       used 75161K, committed 77248K, reserved 557056K
  class space    used 10951K, committed 11968K, reserved 425984K
}
Event: 30.473 GC heap before
{Heap before GC invocations=33 (full 0):
 garbage-first heap   total 148480K, used 138312K [0x0000000080000000, 0x0000000100000000)
  region size 1024K, 45 young (46080K), 5 survivors (5120K)
 Metaspace       used 76618K, committed 78656K, reserved 557056K
  class space    used 11107K, committed 12096K, reserved 425984K
}

