# JRE version: OpenJDK Runtime Environment Temurin-21.0.10+7 (21.0.10+7) (build 21.0.10+7-LTS)
# Java VM: OpenJDK 64-Bit Server VM Temurin-21.0.10+7 (21.0.10+7-LTS, mixed mode, sharing, tiered, compressed oops, compressed class ptrs, parallel gc, windows-amd64)
GC Precious Log:
 CardTable entry size: 512
 CPUs: 12 total, 12 available
 Memory: 7913M
 Large Page Support: Disabled
 NUMA Support: Disabled
 Compressed Oops: Enabled (32-bit)
 Alignments: Space 512K, Generation 512K, Heap 2M
 Heap Min Capacity: 100M
 Heap Initial Capacity: 100M
 Heap Max Capacity: 2G
 Pre-touch: Disabled
 Parallel Workers: 10
Heap:
 PSYoungGen      total 15872K, used 1435K [0x00000000d5580000, 0x00000000d6a80000, 0x0000000100000000)
  eden space 10240K, 10% used [0x00000000d5580000,0x00000000d5686d90,0x00000000d5f80000)
  from space 5632K, 6% used [0x00000000d6280000,0x00000000d62e0020,0x00000000d6800000)
  to   space 2048K, 0% used [0x00000000d6880000,0x00000000d6880000,0x00000000d6a80000)
 ParOldGen       total 81408K, used 81239K [0x0000000080000000, 0x0000000084f80000, 0x00000000d5580000)
  object space 81408K, 99% used [0x0000000080000000,0x0000000084f55f28,0x0000000084f80000)
 Metaspace       used 70117K, committed 71616K, reserved 1114112K
  class space    used 8164K, committed 8768K, reserved 1048576K
GC Heap History (20 events):
Event: 10839.115 GC heap after
{Heap after GC invocations=44 (full 3):
 PSYoungGen      total 19456K, used 887K [0x00000000d5580000, 0x00000000d6c80000, 0x0000000100000000)
  eden space 18432K, 0% used [0x00000000d5580000,0x00000000d5580000,0x00000000d6780000)
  from space 1024K, 86% used [0x00000000d6980000,0x00000000d6a5dfb0,0x00000000d6a80000)
  to   space 1536K, 0% used [0x00000000d6b00000,0x00000000d6b00000,0x00000000d6c80000)
 ParOldGen       total 68608K, used 62824K [0x0000000080000000, 0x0000000084300000, 0x00000000d5580000)
  object space 68608K, 91% used [0x0000000080000000,0x0000000083d5a1b8,0x0000000084300000)
 Metaspace       used 64011K, committed 65472K, reserved 1114112K
  class space    used 7607K, committed 8192K, reserved 1048576K
}
Event: 10839.372 GC heap before
{Heap before GC invocations=45 (full 3):
 PSYoungGen      total 19456K, used 19319K [0x00000000d5580000, 0x00000000d6c80000, 0x0000000100000000)
  eden space 18432K, 100% used [0x00000000d5580000,0x00000000d6780000,0x00000000d6780000)
  from space 1024K, 86% used [0x00000000d6980000,0x00000000d6a5dfb0,0x00000000d6a80000)
  to   space 1536K, 0% used [0x00000000d6b00000,0x00000000d6b00000,0x00000000d6c80000)
 ParOldGen       total 68608K, used 62824K [0x0000000080000000, 0x0000000084300000, 0x00000000d5580000)
  object space 68608K, 91% used [0x0000000080000000,0x0000000083d5a1b8,0x0000000084300000)
 Metaspace       used 65267K, committed 66688K, reserved 1114112K
  class space    used 7723K, committed 8320K, reserved 1048576K
}
Event: 10839.378 GC heap after
{Heap after GC invocations=45 (full 3):
 PSYoungGen      total 18944K, used 480K [0x00000000d5580000, 0x00000000d6b80000, 0x0000000100000000)
  eden space 18432K, 0% used [0x00000000d5580000,0x00000000d5580000,0x00000000d6780000)
  from space 512K, 93% used [0x00000000d6b00000,0x00000000d6b78020,0x00000000d6b80000)
  to   space 1024K, 0% used [0x00000000d6980000,0x00000000d6980000,0x00000000d6a80000)
 ParOldGen       total 68608K, used 62848K [0x0000000080000000, 0x0000000084300000, 0x00000000d5580000)
  object space 68608K, 91% used [0x0000000080000000,0x0000000083d601b8,0x0000000084300000)
 Metaspace       used 65267K, committed 66688K, reserved 1114112K
  class space    used 7723K, committed 8320K, reserved 1048576K
}
Event: 10839.833 GC heap before
{Heap before GC invocations=46 (full 3):
 PSYoungGen      total 18944K, used 18912K [0x00000000d5580000, 0x00000000d6b80000, 0x0000000100000000)
  eden space 18432K, 100% used [0x00000000d5580000,0x00000000d6780000,0x00000000d6780000)
  from space 512K, 93% used [0x00000000d6b00000,0x00000000d6b78020,0x00000000d6b80000)
  to   space 1024K, 0% used [0x00000000d6980000,0x00000000d6980000,0x00000000d6a80000)
 ParOldGen       total 68608K, used 62848K [0x0000000080000000, 0x0000000084300000, 0x00000000d5580000)
  object space 68608K, 91% used [0x0000000080000000,0x0000000083d601b8,0x0000000084300000)
 Metaspace       used 65994K, committed 67456K, reserved 1114112K
  class space    used 7823K, committed 8448K, reserved 1048576K
}
Event: 10839.834 GC heap after
{Heap after GC invocations=46 (full 3):
 PSYoungGen      total 19456K, used 473K [0x00000000d5580000, 0x00000000d6b80000, 0x0000000100000000)
  eden space 18432K, 0% used [0x00000000d5580000,0x00000000d5580000,0x00000000d6780000)
  from space 1024K, 46% used [0x00000000d6980000,0x00000000d69f6470,0x00000000d6a80000)
  to   space 1024K, 0% used [0x00000000d6a80000,0x00000000d6a80000,0x00000000d6b80000)
 ParOldGen       total 68608K, used 62976K [0x0000000080000000, 0x0000000084300000, 0x00000000d5580000)
  object space 68608K, 91% used [0x0000000080000000,0x0000000083d801b8,0x0000000084300000)
 Metaspace       used 65994K, committed 67456K, reserved 1114112K
  class space    used 7823K, committed 8448K, reserved 1048576K
}
Event: 10851.421 GC heap before
{Heap before GC invocations=47 (full 3):
 PSYoungGen      total 19456K, used 18905K [0x00000000d5580000, 0x00000000d6b80000, 0x0000000100000000)
  eden space 18432K, 100% used [0x00000000d5580000,0x00000000d6780000,0x00000000d6780000)
  from space 1024K, 46% used [0x00000000d6980000,0x00000000d69f6470,0x00000000d6a80000)
  to   space 1024K, 0% used [0x00000000d6a80000,0x00000000d6a80000,0x00000000d6b80000)
 ParOldGen       total 68608K, used 62976K [0x0000000080000000, 0x0000000084300000, 0x00000000d5580000)
  object space 68608K, 91% used [0x0000000080000000,0x0000000083d801b8,0x0000000084300000)
 Metaspace       used 67734K, committed 69184K, reserved 1114112K
  class space    used 7940K, committed 8512K, reserved 1048576K
}
Event: 10851.424 GC heap after
{Heap after GC invocations=47 (full 3):
 PSYoungGen      total 17408K, used 1000K [0x00000000d5580000, 0x00000000d7180000, 0x0000000100000000)
  eden space 16384K, 0% used [0x00000000d5580000,0x00000000d5580000,0x00000000d6580000)
  from space 1024K, 97% used [0x00000000d6a80000,0x00000000d6b7a048,0x00000000d6b80000)
  to   space 5120K, 0% used [0x00000000d6580000,0x00000000d6580000,0x00000000d6a80000)
 ParOldGen       total 68608K, used 66113K [0x0000000080000000, 0x0000000084300000, 0x00000000d5580000)
  object space 68608K, 96% used [0x0000000080000000,0x0000000084090650,0x0000000084300000)
 Metaspace       used 67734K, committed 69184K, reserved 1114112K
  class space    used 7940K, committed 8512K, reserved 1048576K
}
Event: 10851.741 GC heap before
{Heap before GC invocations=48 (full 3):
 PSYoungGen      total 17408K, used 17384K [0x00000000d5580000, 0x00000000d7180000, 0x0000000100000000)
  eden space 16384K, 100% used [0x00000000d5580000,0x00000000d6580000,0x00000000d6580000)
  from space 1024K, 97% used [0x00000000d6a80000,0x00000000d6b7a048,0x00000000d6b80000)
  to   space 5120K, 0% used [0x00000000d6580000,0x00000000d6580000,0x00000000d6a80000)
 ParOldGen       total 68608K, used 66113K [0x0000000080000000, 0x0000000084300000, 0x00000000d5580000)
  object space 68608K, 96% used [0x0000000080000000,0x0000000084090650,0x0000000084300000)
 Metaspace       used 68596K, committed 70144K, reserved 1114112K
  class space    used 8015K, committed 8640K, reserved 1048576K
}
Event: 10851.744 GC heap after
{Heap after GC invocations=48 (full 3):
 PSYoungGen      total 18432K, used 1920K [0x00000000d5580000, 0x00000000d6b80000, 0x0000000100000000)
  eden space 16384K, 0% used [0x00000000d5580000,0x00000000d5580000,0x00000000d6580000)
  from space 2048K, 93% used [0x00000000d6580000,0x00000000d6760000,0x00000000d6780000)
  to   space 3072K, 0% used [0x00000000d6880000,0x00000000d6880000,0x00000000d6b80000)
 ParOldGen       total 68608K, used 66809K [0x0000000080000000, 0x0000000084300000, 0x00000000d5580000)
  object space 68608K, 97% used [0x0000000080000000,0x000000008413e670,0x0000000084300000)
 Metaspace       used 68596K, committed 70144K, reserved 1114112K
  class space    used 8015K, committed 8640K, reserved 1048576K
}
Event: 11320.469 GC heap before
{Heap before GC invocations=49 (full 3):
 PSYoungGen      total 18432K, used 18304K [0x00000000d5580000, 0x00000000d6b80000, 0x0000000100000000)
  eden space 16384K, 100% used [0x00000000d5580000,0x00000000d6580000,0x00000000d6580000)
  from space 2048K, 93% used [0x00000000d6580000,0x00000000d6760000,0x00000000d6780000)
  to   space 3072K, 0% used [0x00000000d6880000,0x00000000d6880000,0x00000000d6b80000)
 ParOldGen       total 68608K, used 66809K [0x0000000080000000, 0x0000000084300000, 0x00000000d5580000)
  object space 68608K, 97% used [0x0000000080000000,0x000000008413e670,0x0000000084300000)
 Metaspace       used 69771K, committed 71296K, reserved 1114112K
  class space    used 8150K, committed 8768K, reserved 1048576K
}
Event: 11320.924 GC heap after
{Heap after GC invocations=49 (full 3):
 PSYoungGen      total 13312K, used 3059K [0x00000000d5580000, 0x00000000d7780000, 0x0000000100000000)
  eden space 10240K, 0% used [0x00000000d5580000,0x00000000d5580000,0x00000000d5f80000)
  from space 3072K, 99% used [0x00000000d6880000,0x00000000d6b7cf58,0x00000000d6b80000)
  to   space 9216K, 0% used [0x00000000d5f80000,0x00000000d5f80000,0x00000000d6880000)
 ParOldGen       total 72192K, used 71731K [0x0000000080000000, 0x0000000084680000, 0x00000000d5580000)
  object space 72192K, 99% used [0x0000000080000000,0x000000008460cfb0,0x0000000084680000)
 Metaspace       used 69771K, committed 71296K, reserved 1114112K
  class space    used 8150K, committed 8768K, reserved 1048576K
}
Event: 11715.069 GC heap before
{Heap before GC invocations=50 (full 3):
 PSYoungGen      total 13312K, used 13299K [0x00000000d5580000, 0x00000000d7780000, 0x0000000100000000)
  eden space 10240K, 100% used [0x00000000d5580000,0x00000000d5f80000,0x00000000d5f80000)
  from space 3072K, 99% used [0x00000000d6880000,0x00000000d6b7cf58,0x00000000d6b80000)
  to   space 9216K, 0% used [0x00000000d5f80000,0x00000000d5f80000,0x00000000d6880000)
 ParOldGen       total 72192K, used 71731K [0x0000000080000000, 0x0000000084680000, 0x00000000d5580000)
  object space 72192K, 99% used [0x0000000080000000,0x000000008460cfb0,0x0000000084680000)
 Metaspace       used 70014K, committed 71552K, reserved 1114112K
  class space    used 8164K, committed 8768K, reserved 1048576K
}
Event: 11715.241 GC heap after
{Heap after GC invocations=50 (full 3):
 PSYoungGen      total 11264K, used 1008K [0x00000000d5580000, 0x00000000d6900000, 0x0000000100000000)
  eden space 10240K, 0% used [0x00000000d5580000,0x00000000d5580000,0x00000000d5f80000)
  from space 1024K, 98% used [0x00000000d5f80000,0x00000000d607c070,0x00000000d6080000)
  to   space 3584K, 0% used [0x00000000d6580000,0x00000000d6580000,0x00000000d6900000)
 ParOldGen       total 74240K, used 73919K [0x0000000080000000, 0x0000000084880000, 0x00000000d5580000)
  object space 74240K, 99% used [0x0000000080000000,0x000000008482feb8,0x0000000084880000)
 Metaspace       used 70014K, committed 71552K, reserved 1114112K
  class space    used 8164K, committed 8768K, reserved 1048576K
}
Event: 11717.715 GC heap before
{Heap before GC invocations=51 (full 3):
 PSYoungGen      total 11264K, used 11248K [0x00000000d5580000, 0x00000000d6900000, 0x0000000100000000)
  eden space 10240K, 100% used [0x00000000d5580000,0x00000000d5f80000,0x00000000d5f80000)
  from space 1024K, 98% used [0x00000000d5f80000,0x00000000d607c070,0x00000000d6080000)
  to   space 3584K, 0% used [0x00000000d6580000,0x00000000d6580000,0x00000000d6900000)
 ParOldGen       total 74240K, used 73919K [0x0000000080000000, 0x0000000084880000, 0x00000000d5580000)
  object space 74240K, 99% used [0x0000000080000000,0x000000008482feb8,0x0000000084880000)
 Metaspace       used 70034K, committed 71552K, reserved 1114112K
  class space    used 8164K, committed 8768K, reserved 1048576K
}
Event: 11717.783 GC heap after
{Heap after GC invocations=51 (full 3):
 PSYoungGen      total 12800K, used 2490K [0x00000000d5580000, 0x00000000d6800000, 0x0000000100000000)
  eden space 10240K, 0% used [0x00000000d5580000,0x00000000d5580000,0x00000000d5f80000)
  from space 2560K, 97% used [0x00000000d6580000,0x00000000d67eea10,0x00000000d6800000)
  to   space 3072K, 0% used [0x00000000d6200000,0x00000000d6200000,0x00000000d6500000)
 ParOldGen       total 74240K, used 74071K [0x0000000080000000, 0x0000000084880000, 0x00000000d5580000)
  object space 74240K, 99% used [0x0000000080000000,0x0000000084855ee8,0x0000000084880000)
 Metaspace       used 70034K, committed 71552K, reserved 1114112K
  class space    used 8164K, committed 8768K, reserved 1048576K
}
Event: 11726.866 GC heap before
{Heap before GC invocations=52 (full 3):
 PSYoungGen      total 12800K, used 12730K [0x00000000d5580000, 0x00000000d6800000, 0x0000000100000000)
  eden space 10240K, 100% used [0x00000000d5580000,0x00000000d5f80000,0x00000000d5f80000)
  from space 2560K, 97% used [0x00000000d6580000,0x00000000d67eea10,0x00000000d6800000)
  to   space 3072K, 0% used [0x00000000d6200000,0x00000000d6200000,0x00000000d6500000)
 ParOldGen       total 74240K, used 74071K [0x0000000080000000, 0x0000000084880000, 0x00000000d5580000)
  object space 74240K, 99% used [0x0000000080000000,0x0000000084855ee8,0x0000000084880000)
 Metaspace       used 70064K, committed 71552K, reserved 1114112K
  class space    used 8164K, committed 8768K, reserved 1048576K
}
Event: 11727.008 GC heap after
{Heap after GC invocations=52 (full 3):
 PSYoungGen      total 13312K, used 3056K [0x00000000d5580000, 0x00000000d7480000, 0x0000000100000000)
  eden space 10240K, 0% used [0x00000000d5580000,0x00000000d5580000,0x00000000d5f80000)
  from space 3072K, 99% used [0x00000000d6200000,0x00000000d64fc0c0,0x00000000d6500000)
  to   space 10752K, 0% used [0x00000000d6a00000,0x00000000d6a00000,0x00000000d7480000)
 ParOldGen       total 80384K, used 80231K [0x0000000080000000, 0x0000000084e80000, 0x00000000d5580000)
  object space 80384K, 99% used [0x0000000080000000,0x0000000084e59f08,0x0000000084e80000)
 Metaspace       used 70064K, committed 71552K, reserved 1114112K
  class space    used 8164K, committed 8768K, reserved 1048576K
}
Event: 12355.674 GC heap before
{Heap before GC invocations=53 (full 3):
 PSYoungGen      total 13312K, used 13296K [0x00000000d5580000, 0x00000000d7480000, 0x0000000100000000)
  eden space 10240K, 100% used [0x00000000d5580000,0x00000000d5f80000,0x00000000d5f80000)
  from space 3072K, 99% used [0x00000000d6200000,0x00000000d64fc0c0,0x00000000d6500000)
  to   space 10752K, 0% used [0x00000000d6a00000,0x00000000d6a00000,0x00000000d7480000)
 ParOldGen       total 80384K, used 80231K [0x0000000080000000, 0x0000000084e80000, 0x00000000d5580000)
  object space 80384K, 99% used [0x0000000080000000,0x0000000084e59f08,0x0000000084e80000)
 Metaspace       used 70084K, committed 71552K, reserved 1114112K
  class space    used 8164K, committed 8768K, reserved 1048576K
}
Event: 12357.235 GC heap after
{Heap after GC invocations=53 (full 3):
 PSYoungGen      total 13824K, used 3440K [0x00000000d5580000, 0x00000000d6d80000, 0x0000000100000000)
  eden space 10240K, 0% used [0x00000000d5580000,0x00000000d5580000,0x00000000d5f80000)
  from space 3584K, 95% used [0x00000000d6a00000,0x00000000d6d5c050,0x00000000d6d80000)
  to   space 5632K, 0% used [0x00000000d6280000,0x00000000d6280000,0x00000000d6800000)
 ParOldGen       total 81408K, used 81175K [0x0000000080000000, 0x0000000084f80000, 0x00000000d5580000)
  object space 81408K, 99% used [0x0000000080000000,0x0000000084f45f28,0x0000000084f80000)
 Metaspace       used 70084K, committed 71552K, reserved 1114112K
  class space    used 8164K, committed 8768K, reserved 1048576K
}
Event: 12360.024 GC heap before
{Heap before GC invocations=54 (full 3):
 PSYoungGen      total 13824K, used 13680K [0x00000000d5580000, 0x00000000d6d80000, 0x0000000100000000)
  eden space 10240K, 100% used [0x00000000d5580000,0x00000000d5f80000,0x00000000d5f80000)
  from space 3584K, 95% used [0x00000000d6a00000,0x00000000d6d5c050,0x00000000d6d80000)
  to   space 5632K, 0% used [0x00000000d6280000,0x00000000d6280000,0x00000000d6800000)
 ParOldGen       total 81408K, used 81175K [0x0000000080000000, 0x0000000084f80000, 0x00000000d5580000)
  object space 81408K, 99% used [0x0000000080000000,0x0000000084f45f28,0x0000000084f80000)
 Metaspace       used 70117K, committed 71616K, reserved 1114112K
  class space    used 8164K, committed 8768K, reserved 1048576K
}

