# JRE version: OpenJDK Runtime Environment Temurin-21.0.10+7 (21.0.10+7) (build 21.0.10+7-LTS)
# Java VM: OpenJDK 64-Bit Server VM Temurin-21.0.10+7 (21.0.10+7-LTS, mixed mode, sharing, tiered, compressed oops, compressed class ptrs, parallel gc, windows-amd64)
GC Precious Log:
 CardTable entry size: 512
 CPUs: 12 total, 12 available
 Memory: 7913M
 Large Page Support: Disabled
 NUMA Support: Disabled
 Compressed Oops: Enabled (32-bit)
 Alignments: Space 512K, Generation 512K, Heap 2M
 Heap Min Capacity: 100M
 Heap Initial Capacity: 100M
 Heap Max Capacity: 2G
 Pre-touch: Disabled
 Parallel Workers: 10
Heap:
 PSYoungGen      total 17408K, used 5608K [0x00000000d5580000, 0x00000000d6900000, 0x0000000100000000)
  eden space 16896K, 31% used [0x00000000d5580000,0x00000000d5aaa228,0x00000000d6600000)
  from space 512K, 62% used [0x00000000d6600000,0x00000000d6650000,0x00000000d6680000)
  to   space 1024K, 0% used [0x00000000d6800000,0x00000000d6800000,0x00000000d6900000)
 ParOldGen       total 68608K, used 42022K [0x0000000080000000, 0x0000000084300000, 0x00000000d5580000)
  object space 68608K, 61% used [0x0000000080000000,0x0000000082909968,0x0000000084300000)
 Metaspace       used 59812K, committed 61120K, reserved 1114112K
  class space    used 7079K, committed 7616K, reserved 1048576K
GC Heap History (20 events):
Event: 58.958 GC heap before
{Heap before GC invocations=28 (full 2):
 PSYoungGen      total 19968K, used 19957K [0x00000000d5580000, 0x00000000d7480000, 0x0000000100000000)
  eden space 19456K, 100% used [0x00000000d5580000,0x00000000d6880000,0x00000000d6880000)
  from space 512K, 98% used [0x00000000d6a00000,0x00000000d6a7d728,0x00000000d6a80000)
  to   space 6144K, 0% used [0x00000000d6e80000,0x00000000d6e80000,0x00000000d7480000)
 ParOldGen       total 68608K, used 34468K [0x0000000080000000, 0x0000000084300000, 0x00000000d5580000)
  object space 68608K, 50% used [0x0000000080000000,0x00000000821a9360,0x0000000084300000)
 Metaspace       used 55013K, committed 56256K, reserved 1114112K
  class space    used 6246K, committed 6784K, reserved 1048576K
}
Event: 58.962 GC heap after
{Heap after GC invocations=28 (full 2):
 PSYoungGen      total 24576K, used 4927K [0x00000000d5580000, 0x00000000d7380000, 0x0000000100000000)
  eden space 19456K, 0% used [0x00000000d5580000,0x00000000d5580000,0x00000000d6880000)
  from space 5120K, 96% used [0x00000000d6e80000,0x00000000d734fdb8,0x00000000d7380000)
  to   space 5632K, 0% used [0x00000000d6880000,0x00000000d6880000,0x00000000d6e00000)
 ParOldGen       total 68608K, used 34937K [0x0000000080000000, 0x0000000084300000, 0x00000000d5580000)
  object space 68608K, 50% used [0x0000000080000000,0x000000008221e708,0x0000000084300000)
 Metaspace       used 55013K, committed 56256K, reserved 1114112K
  class space    used 6246K, committed 6784K, reserved 1048576K
}
Event: 59.197 GC heap before
{Heap before GC invocations=29 (full 2):
 PSYoungGen      total 24576K, used 24383K [0x00000000d5580000, 0x00000000d7380000, 0x0000000100000000)
  eden space 19456K, 100% used [0x00000000d5580000,0x00000000d6880000,0x00000000d6880000)
  from space 5120K, 96% used [0x00000000d6e80000,0x00000000d734fdb8,0x00000000d7380000)
  to   space 5632K, 0% used [0x00000000d6880000,0x00000000d6880000,0x00000000d6e00000)
 ParOldGen       total 68608K, used 34937K [0x0000000080000000, 0x0000000084300000, 0x00000000d5580000)
  object space 68608K, 50% used [0x0000000080000000,0x000000008221e708,0x0000000084300000)
 Metaspace       used 55821K, committed 57088K, reserved 1114112K
  class space    used 6375K, committed 6912K, reserved 1048576K
}
Event: 59.200 GC heap after
{Heap after GC invocations=29 (full 2):
 PSYoungGen      total 20480K, used 832K [0x00000000d5580000, 0x00000000d6f00000, 0x0000000100000000)
  eden space 19456K, 0% used [0x00000000d5580000,0x00000000d5580000,0x00000000d6880000)
  from space 1024K, 81% used [0x00000000d6880000,0x00000000d6950000,0x00000000d6980000)
  to   space 2560K, 0% used [0x00000000d6c80000,0x00000000d6c80000,0x00000000d6f00000)
 ParOldGen       total 68608K, used 39745K [0x0000000080000000, 0x0000000084300000, 0x00000000d5580000)
  object space 68608K, 57% used [0x0000000080000000,0x00000000826d0730,0x0000000084300000)
 Metaspace       used 55821K, committed 57088K, reserved 1114112K
  class space    used 6375K, committed 6912K, reserved 1048576K
}
Event: 60.985 GC heap before
{Heap before GC invocations=30 (full 2):
 PSYoungGen      total 20480K, used 20288K [0x00000000d5580000, 0x00000000d6f00000, 0x0000000100000000)
  eden space 19456K, 100% used [0x00000000d5580000,0x00000000d6880000,0x00000000d6880000)
  from space 1024K, 81% used [0x00000000d6880000,0x00000000d6950000,0x00000000d6980000)
  to   space 2560K, 0% used [0x00000000d6c80000,0x00000000d6c80000,0x00000000d6f00000)
 ParOldGen       total 68608K, used 39745K [0x0000000080000000, 0x0000000084300000, 0x00000000d5580000)
  object space 68608K, 57% used [0x0000000080000000,0x00000000826d0730,0x0000000084300000)
 Metaspace       used 55845K, committed 57088K, reserved 1114112K
  class space    used 6376K, committed 6912K, reserved 1048576K
}
Event: 60.986 GC heap after
{Heap after GC invocations=30 (full 2):
 PSYoungGen      total 20480K, used 608K [0x00000000d5580000, 0x00000000d6d80000, 0x0000000100000000)
  eden space 19456K, 0% used [0x00000000d5580000,0x00000000d5580000,0x00000000d6880000)
  from space 1024K, 59% used [0x00000000d6c80000,0x00000000d6d18000,0x00000000d6d80000)
  to   space 1024K, 0% used [0x00000000d6880000,0x00000000d6880000,0x00000000d6980000)
 ParOldGen       total 68608K, used 40380K [0x0000000080000000, 0x0000000084300000, 0x00000000d5580000)
  object space 68608K, 58% used [0x0000000080000000,0x000000008276f0f0,0x0000000084300000)
 Metaspace       used 55845K, committed 57088K, reserved 1114112K
  class space    used 6376K, committed 6912K, reserved 1048576K
}
Event: 69.123 GC heap before
{Heap before GC invocations=31 (full 2):
 PSYoungGen      total 20480K, used 20064K [0x00000000d5580000, 0x00000000d6d80000, 0x0000000100000000)
  eden space 19456K, 100% used [0x00000000d5580000,0x00000000d6880000,0x00000000d6880000)
  from space 1024K, 59% used [0x00000000d6c80000,0x00000000d6d18000,0x00000000d6d80000)
  to   space 1024K, 0% used [0x00000000d6880000,0x00000000d6880000,0x00000000d6980000)
 ParOldGen       total 68608K, used 40380K [0x0000000080000000, 0x0000000084300000, 0x00000000d5580000)
  object space 68608K, 58% used [0x0000000080000000,0x000000008276f0f0,0x0000000084300000)
 Metaspace       used 55846K, committed 57088K, reserved 1114112K
  class space    used 6376K, committed 6912K, reserved 1048576K
}
Event: 69.124 GC heap after
{Heap after GC invocations=31 (full 2):
 PSYoungGen      total 20480K, used 1005K [0x00000000d5580000, 0x00000000d6d00000, 0x0000000100000000)
  eden space 19456K, 0% used [0x00000000d5580000,0x00000000d5580000,0x00000000d6880000)
  from space 1024K, 98% used [0x00000000d6880000,0x00000000d697b438,0x00000000d6980000)
  to   space 2048K, 0% used [0x00000000d6b00000,0x00000000d6b00000,0x00000000d6d00000)
 ParOldGen       total 68608K, used 40964K [0x0000000080000000, 0x0000000084300000, 0x00000000d5580000)
  object space 68608K, 59% used [0x0000000080000000,0x0000000082801388,0x0000000084300000)
 Metaspace       used 55846K, committed 57088K, reserved 1114112K
  class space    used 6376K, committed 6912K, reserved 1048576K
}
Event: 73.598 GC heap before
{Heap before GC invocations=32 (full 2):
 PSYoungGen      total 20480K, used 20461K [0x00000000d5580000, 0x00000000d6d00000, 0x0000000100000000)
  eden space 19456K, 100% used [0x00000000d5580000,0x00000000d6880000,0x00000000d6880000)
  from space 1024K, 98% used [0x00000000d6880000,0x00000000d697b438,0x00000000d6980000)
  to   space 2048K, 0% used [0x00000000d6b00000,0x00000000d6b00000,0x00000000d6d00000)
 ParOldGen       total 68608K, used 40964K [0x0000000080000000, 0x0000000084300000, 0x00000000d5580000)
  object space 68608K, 59% used [0x0000000080000000,0x0000000082801388,0x0000000084300000)
 Metaspace       used 56267K, committed 57472K, reserved 1114112K
  class space    used 6463K, committed 6976K, reserved 1048576K
}
Event: 73.603 GC heap after
{Heap after GC invocations=32 (full 2):
 PSYoungGen      total 18944K, used 2040K [0x00000000d5580000, 0x00000000d7280000, 0x0000000100000000)
  eden space 16896K, 0% used [0x00000000d5580000,0x00000000d5580000,0x00000000d6600000)
  from space 2048K, 99% used [0x00000000d6b00000,0x00000000d6cfe320,0x00000000d6d00000)
  to   space 5120K, 0% used [0x00000000d6600000,0x00000000d6600000,0x00000000d6b00000)
 ParOldGen       total 68608K, used 43395K [0x0000000080000000, 0x0000000084300000, 0x00000000d5580000)
  object space 68608K, 63% used [0x0000000080000000,0x0000000082a60e00,0x0000000084300000)
 Metaspace       used 56267K, committed 57472K, reserved 1114112K
  class space    used 6463K, committed 6976K, reserved 1048576K
}
Event: 74.598 GC heap before
{Heap before GC invocations=33 (full 2):
 PSYoungGen      total 18944K, used 18936K [0x00000000d5580000, 0x00000000d7280000, 0x0000000100000000)
  eden space 16896K, 100% used [0x00000000d5580000,0x00000000d6600000,0x00000000d6600000)
  from space 2048K, 99% used [0x00000000d6b00000,0x00000000d6cfe320,0x00000000d6d00000)
  to   space 5120K, 0% used [0x00000000d6600000,0x00000000d6600000,0x00000000d6b00000)
 ParOldGen       total 68608K, used 43395K [0x0000000080000000, 0x0000000084300000, 0x00000000d5580000)
  object space 68608K, 63% used [0x0000000080000000,0x0000000082a60e00,0x0000000084300000)
 Metaspace       used 58084K, committed 59392K, reserved 1114112K
  class space    used 6761K, committed 7296K, reserved 1048576K
}
Event: 74.602 GC heap after
{Heap after GC invocations=33 (full 2):
 PSYoungGen      total 17920K, used 800K [0x00000000d5580000, 0x00000000d6b80000, 0x0000000100000000)
  eden space 16896K, 0% used [0x00000000d5580000,0x00000000d5580000,0x00000000d6600000)
  from space 1024K, 78% used [0x00000000d6600000,0x00000000d66c8030,0x00000000d6700000)
  to   space 2560K, 0% used [0x00000000d6900000,0x00000000d6900000,0x00000000d6b80000)
 ParOldGen       total 68608K, used 45387K [0x0000000080000000, 0x0000000084300000, 0x00000000d5580000)
  object space 68608K, 66% used [0x0000000080000000,0x0000000082c52ef0,0x0000000084300000)
 Metaspace       used 58084K, committed 59392K, reserved 1114112K
  class space    used 6761K, committed 7296K, reserved 1048576K
}
Event: 74.669 GC heap before
{Heap before GC invocations=34 (full 2):
 PSYoungGen      total 17920K, used 4766K [0x00000000d5580000, 0x00000000d6b80000, 0x0000000100000000)
  eden space 16896K, 23% used [0x00000000d5580000,0x00000000d595fb30,0x00000000d6600000)
  from space 1024K, 78% used [0x00000000d6600000,0x00000000d66c8030,0x00000000d6700000)
  to   space 2560K, 0% used [0x00000000d6900000,0x00000000d6900000,0x00000000d6b80000)
 ParOldGen       total 68608K, used 45387K [0x0000000080000000, 0x0000000084300000, 0x00000000d5580000)
  object space 68608K, 66% used [0x0000000080000000,0x0000000082c52ef0,0x0000000084300000)
 Metaspace       used 58489K, committed 59776K, reserved 1114112K
  class space    used 6833K, committed 7360K, reserved 1048576K
}
Event: 74.670 GC heap after
{Heap after GC invocations=34 (full 2):
 PSYoungGen      total 17408K, used 288K [0x00000000d5580000, 0x00000000d6980000, 0x0000000100000000)
  eden space 16896K, 0% used [0x00000000d5580000,0x00000000d5580000,0x00000000d6600000)
  from space 512K, 56% used [0x00000000d6900000,0x00000000d6948000,0x00000000d6980000)
  to   space 1024K, 0% used [0x00000000d6780000,0x00000000d6780000,0x00000000d6880000)
 ParOldGen       total 68608K, used 46048K [0x0000000080000000, 0x0000000084300000, 0x00000000d5580000)
  object space 68608K, 67% used [0x0000000080000000,0x0000000082cf8278,0x0000000084300000)
 Metaspace       used 58489K, committed 59776K, reserved 1114112K
  class space    used 6833K, committed 7360K, reserved 1048576K
}
Event: 74.670 GC heap before
{Heap before GC invocations=35 (full 3):
 PSYoungGen      total 17408K, used 288K [0x00000000d5580000, 0x00000000d6980000, 0x0000000100000000)
  eden space 16896K, 0% used [0x00000000d5580000,0x00000000d5580000,0x00000000d6600000)
  from space 512K, 56% used [0x00000000d6900000,0x00000000d6948000,0x00000000d6980000)
  to   space 1024K, 0% used [0x00000000d6780000,0x00000000d6780000,0x00000000d6880000)
 ParOldGen       total 68608K, used 46048K [0x0000000080000000, 0x0000000084300000, 0x00000000d5580000)
  object space 68608K, 67% used [0x0000000080000000,0x0000000082cf8278,0x0000000084300000)
 Metaspace       used 58489K, committed 59776K, reserved 1114112K
  class space    used 6833K, committed 7360K, reserved 1048576K
}
Event: 75.078 GC heap after
{Heap after GC invocations=35 (full 3):
 PSYoungGen      total 17408K, used 0K [0x00000000d5580000, 0x00000000d6980000, 0x0000000100000000)
  eden space 16896K, 0% used [0x00000000d5580000,0x00000000d5580000,0x00000000d6600000)
  from space 512K, 0% used [0x00000000d6900000,0x00000000d6900000,0x00000000d6980000)
  to   space 1024K, 0% used [0x00000000d6780000,0x00000000d6780000,0x00000000d6880000)
 ParOldGen       total 68608K, used 40943K [0x0000000080000000, 0x0000000084300000, 0x00000000d5580000)
  object space 68608K, 59% used [0x0000000080000000,0x00000000827fbc48,0x0000000084300000)
 Metaspace       used 58489K, committed 59776K, reserved 1114112K
  class space    used 6833K, committed 7360K, reserved 1048576K
}
Event: 91.230 GC heap before
{Heap before GC invocations=36 (full 3):
 PSYoungGen      total 17408K, used 16896K [0x00000000d5580000, 0x00000000d6980000, 0x0000000100000000)
  eden space 16896K, 100% used [0x00000000d5580000,0x00000000d6600000,0x00000000d6600000)
  from space 512K, 0% used [0x00000000d6900000,0x00000000d6900000,0x00000000d6980000)
  to   space 1024K, 0% used [0x00000000d6780000,0x00000000d6780000,0x00000000d6880000)
 ParOldGen       total 68608K, used 40943K [0x0000000080000000, 0x0000000084300000, 0x00000000d5580000)
  object space 68608K, 59% used [0x0000000080000000,0x00000000827fbc48,0x0000000084300000)
 Metaspace       used 59754K, committed 61056K, reserved 1114112K
  class space    used 7069K, committed 7616K, reserved 1048576K
}
Event: 92.296 GC heap after
{Heap after GC invocations=36 (full 3):
 PSYoungGen      total 17920K, used 576K [0x00000000d5580000, 0x00000000d6980000, 0x0000000100000000)
  eden space 16896K, 0% used [0x00000000d5580000,0x00000000d5580000,0x00000000d6600000)
  from space 1024K, 56% used [0x00000000d6780000,0x00000000d6810000,0x00000000d6880000)
  to   space 1024K, 0% used [0x00000000d6880000,0x00000000d6880000,0x00000000d6980000)
 ParOldGen       total 68608K, used 40951K [0x0000000080000000, 0x0000000084300000, 0x00000000d5580000)
  object space 68608K, 59% used [0x0000000080000000,0x00000000827fdc48,0x0000000084300000)
 Metaspace       used 59754K, committed 61056K, reserved 1114112K
  class space    used 7069K, committed 7616K, reserved 1048576K
}
Event: 94.365 GC heap before
{Heap before GC invocations=37 (full 3):
 PSYoungGen      total 17920K, used 17472K [0x00000000d5580000, 0x00000000d6980000, 0x0000000100000000)
  eden space 16896K, 100% used [0x00000000d5580000,0x00000000d6600000,0x00000000d6600000)
  from space 1024K, 56% used [0x00000000d6780000,0x00000000d6810000,0x00000000d6880000)
  to   space 1024K, 0% used [0x00000000d6880000,0x00000000d6880000,0x00000000d6980000)
 ParOldGen       total 68608K, used 40951K [0x0000000080000000, 0x0000000084300000, 0x00000000d5580000)
  object space 68608K, 59% used [0x0000000080000000,0x00000000827fdc48,0x0000000084300000)
 Metaspace       used 59770K, committed 61056K, reserved 1114112K
  class space    used 7071K, committed 7616K, reserved 1048576K
}
Event: 94.367 GC heap after
{Heap after GC invocations=37 (full 3):
 PSYoungGen      total 17920K, used 1010K [0x00000000d5580000, 0x00000000d6b00000, 0x0000000100000000)
  eden space 16896K, 0% used [0x00000000d5580000,0x00000000d5580000,0x00000000d6600000)
  from space 1024K, 98% used [0x00000000d6880000,0x00000000d697cab0,0x00000000d6980000)
  to   space 2560K, 0% used [0x00000000d6600000,0x00000000d6600000,0x00000000d6880000)
 ParOldGen       total 68608K, used 41950K [0x0000000080000000, 0x0000000084300000, 0x00000000d5580000)
  object space 68608K, 61% used [0x0000000080000000,0x00000000828f7958,0x0000000084300000)
 Metaspace       used 59770K, committed 61056K, reserved 1114112K
  class space    used 7071K, committed 7616K, reserved 1048576K
}

